2026-03-09 17:09:05 | INFO     | __main__ | Logování do souboru: C:\Users\Vinci\Desktop\ukol2\el_pipeline.log
2026-03-09 17:09:05 | INFO     | __main__ | Logging inicializován s úrovní INFO
2026-03-09 17:09:05 | INFO     | __main__ | Spuštění z adresáře: C:\Users\Vinci\Desktop\ukol2
2026-03-09 17:09:05 | INFO     | __main__ | Verze Pythonu: 3.14.3 (tags/v3.14.3:323c59a, Feb  3 2026, 16:04:56) [MSC v.1944 64 bit (AMD64)]
2026-03-09 17:09:05 | INFO     | __main__ | ============================================================
2026-03-09 17:09:05 | INFO     | __main__ | Zahájení EL pipeline pro Rick & Morty data
2026-03-09 17:09:05 | INFO     | __main__ | ============================================================
2026-03-09 17:09:05 | INFO     | __main__ | KROK 1/4: Extrakce dat z Rick & Morty API
2026-03-09 17:09:05 | INFO     | __main__ | ------------------------------------------------------------
2026-03-09 17:09:05 | INFO     | extractor | Zahájení kompletní extrakce dat z Rick & Morty API
2026-03-09 17:09:05 | INFO     | extractor | Zahájení extrakce entity 'location' z URL: https://rickandmortyapi.com/api/location
2026-03-09 17:09:07 | INFO     | extractor | Dosaženo konce paginace pro 'location' po 7 stránkách
2026-03-09 17:09:07 | INFO     | extractor | Extrakce 'location' dokončena: celkem 126 záznamů
2026-03-09 17:09:07 | INFO     | extractor | Zahájení extrakce entity 'character' z URL: https://rickandmortyapi.com/api/character
2026-03-09 17:09:17 | ERROR    | extractor | HTTP chyba 0 pro URL: https://rickandmortyapi.com/api/character?page=34
2026-03-09 17:09:17 | ERROR    | extractor | Extrakce 'character' přerušena - nepodařilo se získat response
2026-03-09 17:09:17 | INFO     | extractor | Extrakce 'character' dokončena: celkem 660 záznamů
2026-03-09 17:09:17 | INFO     | extractor | Kompletní extrakce dokončena: 660 postav, 126 lokací
2026-03-09 17:09:17 | INFO     | __main__ | KROK 2/4: Validace extrahovaných dat
2026-03-09 17:09:17 | INFO     | __main__ | ------------------------------------------------------------
2026-03-09 17:09:17 | INFO     | validator | Zahájení kompletní validace dat
2026-03-09 17:09:17 | INFO     | validator | Zahájení validace 126 lokací
2026-03-09 17:09:17 | WARNING  | validator | Lokace ID=2: pole 'dimension' obsahuje 'unknown' hodnotu
2026-03-09 17:09:17 | WARNING  | validator | Lokace ID=3: pole 'dimension' obsahuje 'unknown' hodnotu
2026-03-09 17:09:17 | WARNING  | validator | Lokace ID=4: pole 'dimension' obsahuje 'unknown' hodnotu
2026-03-09 17:09:17 | WARNING  | validator | Lokace ID=6: pole 'dimension' obsahuje 'unknown' hodnotu
2026-03-09 17:09:17 | WARNING  | validator | Lokace ID=7: pole 'dimension' obsahuje 'unknown' hodnotu
2026-03-09 17:09:17 | WARNING  | validator | Lokace ID=10: pole 'dimension' obsahuje 'unknown' hodnotu
2026-03-09 17:09:17 | WARNING  | validator | Lokace ID=11: pole 'dimension' obsahuje 'unknown' hodnotu
2026-03-09 17:09:17 | WARNING  | validator | Lokace ID=13: pole 'dimension' obsahuje 'unknown' hodnotu
2026-03-09 17:09:17 | WARNING  | validator | Lokace ID=15: pole 'dimension' obsahuje 'unknown' hodnotu
2026-03-09 17:09:17 | WARNING  | validator | Lokace ID=16: pole 'dimension' obsahuje 'unknown' hodnotu
2026-03-09 17:09:17 | WARNING  | validator | Lokace ID=25: pole 'dimension' obsahuje 'unknown' hodnotu
2026-03-09 17:09:17 | WARNING  | validator | Lokace ID=27: pole 'dimension' obsahuje 'unknown' hodnotu
2026-03-09 17:09:17 | WARNING  | validator | Lokace ID=30: pole 'dimension' obsahuje 'unknown' hodnotu
2026-03-09 17:09:17 | WARNING  | validator | Lokace ID=36: pole 'dimension' obsahuje 'unknown' hodnotu
2026-03-09 17:09:17 | WARNING  | validator | Lokace ID=37: pole 'dimension' obsahuje 'unknown' hodnotu
2026-03-09 17:09:17 | WARNING  | validator | Lokace ID=38: pole 'dimension' obsahuje 'unknown' hodnotu
2026-03-09 17:09:17 | WARNING  | validator | Lokace ID=39: pole 'dimension' obsahuje 'unknown' hodnotu
2026-03-09 17:09:17 | WARNING  | validator | Lokace ID=40: pole 'dimension' obsahuje 'unknown' hodnotu
2026-03-09 17:09:17 | WARNING  | validator | Lokace ID=41: pole 'dimension' obsahuje 'unknown' hodnotu
2026-03-09 17:09:17 | WARNING  | validator | Lokace ID=44: pole 'dimension' obsahuje 'unknown' hodnotu
2026-03-09 17:09:17 | WARNING  | validator | Lokace ID=53: pole 'dimension' obsahuje 'unknown' hodnotu
2026-03-09 17:09:17 | WARNING  | validator | Lokace ID=54: pole 'dimension' obsahuje 'unknown' hodnotu
2026-03-09 17:09:17 | WARNING  | validator | Lokace ID=57: pole 'dimension' obsahuje 'unknown' hodnotu
2026-03-09 17:09:17 | WARNING  | validator | Lokace ID=65: pole 'dimension' obsahuje 'unknown' hodnotu
2026-03-09 17:09:17 | WARNING  | validator | Lokace ID=66: pole 'dimension' obsahuje 'unknown' hodnotu
2026-03-09 17:09:17 | WARNING  | validator | Lokace ID=68: pole 'dimension' obsahuje 'unknown' hodnotu
2026-03-09 17:09:17 | WARNING  | validator | Lokace ID=73: pole 'dimension' obsahuje 'unknown' hodnotu
2026-03-09 17:09:17 | WARNING  | validator | Lokace ID=75: pole 'dimension' obsahuje 'unknown' hodnotu
2026-03-09 17:09:17 | WARNING  | validator | Lokace ID=76: pole 'dimension' obsahuje 'unknown' hodnotu
2026-03-09 17:09:17 | INFO     | validator | Validace lokací dokončena: 126 validních z 126, 0 duplicit, 29 anomálií
2026-03-09 17:09:17 | INFO     | validator | Množina validních ID lokací: 126 záznamů
2026-03-09 17:09:17 | INFO     | validator | Zahájení validace 660 postav
2026-03-09 17:09:17 | WARNING  | validator | Postava ID=7: pole 'status' obsahuje 'unknown' hodnotu
2026-03-09 17:09:17 | WARNING  | validator | Postava ID=13: pole 'status' obsahuje 'unknown' hodnotu
2026-03-09 17:09:17 | WARNING  | validator | Postava ID=13: pole 'gender' obsahuje 'unknown' hodnotu
2026-03-09 17:09:17 | WARNING  | validator | Postava ID=14: pole 'status' obsahuje 'unknown' hodnotu
2026-03-09 17:09:17 | WARNING  | validator | Postava ID=15: pole 'status' obsahuje 'unknown' hodnotu
2026-03-09 17:09:17 | WARNING  | validator | Postava ID=19: pole 'status' obsahuje 'unknown' hodnotu
2026-03-09 17:09:17 | INFO     | validator | Postava ID=19 (Antenna Rick): chybějící nebo nevalidní location URL
2026-03-09 17:09:17 | WARNING  | validator | Postava ID=20: pole 'status' obsahuje 'unknown' hodnotu
2026-03-09 17:09:17 | WARNING  | validator | Postava ID=21: pole 'status' obsahuje 'unknown' hodnotu
2026-03-09 17:09:17 | WARNING  | validator | Postava ID=22: pole 'status' obsahuje 'unknown' hodnotu
2026-03-09 17:09:17 | WARNING  | validator | Postava ID=23: pole 'status' obsahuje 'unknown' hodnotu
2026-03-09 17:09:17 | WARNING  | validator | Postava ID=25: pole 'species' obsahuje 'unknown' hodnotu
2026-03-09 17:09:17 | INFO     | validator | Postava ID=30 (Baby Poopybutthole): chybějící nebo nevalidní location URL
2026-03-09 17:09:17 | WARNING  | validator | Postava ID=35: pole 'gender' obsahuje 'unknown' hodnotu
2026-03-09 17:09:17 | WARNING  | validator | Postava ID=36: pole 'gender' obsahuje 'unknown' hodnotu
2026-03-09 17:09:17 | INFO     | validator | Postava ID=36 (Beta-Seven): chybějící nebo nevalidní location URL
2026-03-09 17:09:17 | WARNING  | validator | Postava ID=42: pole 'status' obsahuje 'unknown' hodnotu
2026-03-09 17:09:17 | WARNING  | validator | Postava ID=46: pole 'status' obsahuje 'unknown' hodnotu
2026-03-09 17:09:17 | INFO     | validator | Postava ID=46 (Bill): chybějící nebo nevalidní location URL
2026-03-09 17:09:17 | WARNING  | validator | Postava ID=49: pole 'gender' obsahuje 'unknown' hodnotu
2026-03-09 17:09:17 | WARNING  | validator | Postava ID=53: pole 'status' obsahuje 'unknown' hodnotu
2026-03-09 17:09:17 | WARNING  | validator | Postava ID=55: pole 'gender' obsahuje 'unknown' hodnotu
2026-03-09 17:09:17 | INFO     | validator | Postava ID=57 (Borpocian): chybějící nebo nevalidní location URL
2026-03-09 17:09:17 | INFO     | validator | Postava ID=60 (Calypso): chybějící nebo nevalidní location URL
2026-03-09 17:09:17 | INFO     | validator | Postava ID=62 (Canklanker Thom): chybějící nebo nevalidní location URL
2026-03-09 17:09:17 | WARNING  | validator | Postava ID=64: pole 'gender' obsahuje 'unknown' hodnotu
2026-03-09 17:09:17 | INFO     | validator | Postava ID=70 (Concerto): chybějící nebo nevalidní location URL
2026-03-09 17:09:17 | WARNING  | validator | Postava ID=71: pole 'gender' obsahuje 'unknown' hodnotu
2026-03-09 17:09:17 | WARNING  | validator | Postava ID=75: pole 'gender' obsahuje 'unknown' hodnotu
2026-03-09 17:09:17 | WARNING  | validator | Postava ID=79: pole 'gender' obsahuje 'unknown' hodnotu
2026-03-09 17:09:17 | WARNING  | validator | Postava ID=82: pole 'status' obsahuje 'unknown' hodnotu
2026-03-09 17:09:17 | WARNING  | validator | Postava ID=83: pole 'status' obsahuje 'unknown' hodnotu
2026-03-09 17:09:17 | WARNING  | validator | Postava ID=95: pole 'status' obsahuje 'unknown' hodnotu
2026-03-09 17:09:17 | WARNING  | validator | Postava ID=95: pole 'gender' obsahuje 'unknown' hodnotu
2026-03-09 17:09:17 | WARNING  | validator | Postava ID=96: pole 'gender' obsahuje 'unknown' hodnotu
2026-03-09 17:09:17 | WARNING  | validator | Postava ID=97: pole 'gender' obsahuje 'unknown' hodnotu
2026-03-09 17:09:17 | WARNING  | validator | Postava ID=98: pole 'gender' obsahuje 'unknown' hodnotu
2026-03-09 17:09:17 | WARNING  | validator | Postava ID=99: pole 'gender' obsahuje 'unknown' hodnotu
2026-03-09 17:09:17 | WARNING  | validator | Postava ID=100: pole 'gender' obsahuje 'unknown' hodnotu
2026-03-09 17:09:17 | WARNING  | validator | Postava ID=101: pole 'gender' obsahuje 'unknown' hodnotu
2026-03-09 17:09:17 | WARNING  | validator | Postava ID=103: pole 'status' obsahuje 'unknown' hodnotu
2026-03-09 17:09:17 | WARNING  | validator | Postava ID=104: pole 'gender' obsahuje 'unknown' hodnotu
2026-03-09 17:09:17 | WARNING  | validator | Postava ID=106: pole 'status' obsahuje 'unknown' hodnotu
2026-03-09 17:09:17 | WARNING  | validator | Postava ID=113: pole 'status' obsahuje 'unknown' hodnotu
2026-03-09 17:09:17 | WARNING  | validator | Postava ID=114: pole 'status' obsahuje 'unknown' hodnotu
2026-03-09 17:09:17 | INFO     | validator | Postava ID=122 (Fart): chybějící nebo nevalidní location URL
2026-03-09 17:09:17 | WARNING  | validator | Postava ID=125: pole 'gender' obsahuje 'unknown' hodnotu
2026-03-09 17:09:17 | WARNING  | validator | Postava ID=126: pole 'status' obsahuje 'unknown' hodnotu
2026-03-09 17:09:17 | WARNING  | validator | Postava ID=126: pole 'gender' obsahuje 'unknown' hodnotu
2026-03-09 17:09:17 | INFO     | validator | Postava ID=130 (Galactic Federation President): chybějící nebo nevalidní location URL
2026-03-09 17:09:17 | INFO     | validator | Postava ID=133 (Garblovian): chybějící nebo nevalidní location URL
2026-03-09 17:09:17 | WARNING  | validator | Postava ID=142: pole 'gender' obsahuje 'unknown' hodnotu
2026-03-09 17:09:17 | WARNING  | validator | Postava ID=148: pole 'status' obsahuje 'unknown' hodnotu
2026-03-09 17:09:17 | WARNING  | validator | Postava ID=151: pole 'status' obsahuje 'unknown' hodnotu
2026-03-09 17:09:17 | WARNING  | validator | Postava ID=152: pole 'status' obsahuje 'unknown' hodnotu
2026-03-09 17:09:17 | WARNING  | validator | Postava ID=153: pole 'gender' obsahuje 'unknown' hodnotu
2026-03-09 17:09:17 | WARNING  | validator | Postava ID=157: pole 'status' obsahuje 'unknown' hodnotu
2026-03-09 17:09:17 | WARNING  | validator | Postava ID=157: pole 'species' obsahuje 'unknown' hodnotu
2026-03-09 17:09:17 | WARNING  | validator | Postava ID=158: pole 'gender' obsahuje 'unknown' hodnotu
2026-03-09 17:09:17 | WARNING  | validator | Postava ID=164: pole 'status' obsahuje 'unknown' hodnotu
2026-03-09 17:09:17 | WARNING  | validator | Postava ID=167: pole 'gender' obsahuje 'unknown' hodnotu
2026-03-09 17:09:17 | WARNING  | validator | Postava ID=187: pole 'status' obsahuje 'unknown' hodnotu
2026-03-09 17:09:17 | WARNING  | validator | Postava ID=194: pole 'gender' obsahuje 'unknown' hodnotu
2026-03-09 17:09:17 | INFO     | validator | Postava ID=196 (Krombopulos Michael): chybějící nebo nevalidní location URL
2026-03-09 17:09:17 | WARNING  | validator | Postava ID=199: pole 'gender' obsahuje 'unknown' hodnotu
2026-03-09 17:09:17 | WARNING  | validator | Postava ID=200: pole 'status' obsahuje 'unknown' hodnotu
2026-03-09 17:09:17 | WARNING  | validator | Postava ID=209: pole 'status' obsahuje 'unknown' hodnotu
2026-03-09 17:09:17 | WARNING  | validator | Postava ID=218: pole 'status' obsahuje 'unknown' hodnotu
2026-03-09 17:09:17 | WARNING  | validator | Postava ID=219: pole 'status' obsahuje 'unknown' hodnotu
2026-03-09 17:09:17 | WARNING  | validator | Postava ID=231: pole 'status' obsahuje 'unknown' hodnotu
2026-03-09 17:09:17 | WARNING  | validator | Postava ID=242: pole 'status' obsahuje 'unknown' hodnotu
2026-03-09 17:09:17 | INFO     | validator | Postava ID=247 (Amy Poopybutthole): chybějící nebo nevalidní location URL
2026-03-09 17:09:17 | WARNING  | validator | Postava ID=249: pole 'status' obsahuje 'unknown' hodnotu
2026-03-09 17:09:17 | INFO     | validator | Postava ID=249 (Mrs. Sanchez): chybějící nebo nevalidní location URL
2026-03-09 17:09:17 | WARNING  | validator | Postava ID=253: pole 'status' obsahuje 'unknown' hodnotu
2026-03-09 17:09:17 | WARNING  | validator | Postava ID=253: pole 'gender' obsahuje 'unknown' hodnotu
2026-03-09 17:09:17 | WARNING  | validator | Postava ID=261: pole 'status' obsahuje 'unknown' hodnotu
2026-03-09 17:09:17 | WARNING  | validator | Postava ID=262: pole 'gender' obsahuje 'unknown' hodnotu
2026-03-09 17:09:17 | WARNING  | validator | Postava ID=265: pole 'species' obsahuje 'unknown' hodnotu
2026-03-09 17:09:17 | WARNING  | validator | Postava ID=266: pole 'species' obsahuje 'unknown' hodnotu
2026-03-09 17:09:17 | WARNING  | validator | Postava ID=274: pole 'status' obsahuje 'unknown' hodnotu
2026-03-09 17:09:17 | WARNING  | validator | Postava ID=276: pole 'gender' obsahuje 'unknown' hodnotu
2026-03-09 17:09:17 | WARNING  | validator | Postava ID=282: pole 'status' obsahuje 'unknown' hodnotu
2026-03-09 17:09:17 | WARNING  | validator | Postava ID=284: pole 'status' obsahuje 'unknown' hodnotu
2026-03-09 17:09:17 | WARNING  | validator | Postava ID=298: pole 'status' obsahuje 'unknown' hodnotu
2026-03-09 17:09:17 | WARNING  | validator | Postava ID=299: pole 'status' obsahuje 'unknown' hodnotu
2026-03-09 17:09:17 | WARNING  | validator | Postava ID=308: pole 'status' obsahuje 'unknown' hodnotu
2026-03-09 17:09:17 | WARNING  | validator | Postava ID=310: pole 'status' obsahuje 'unknown' hodnotu
2026-03-09 17:09:17 | WARNING  | validator | Postava ID=312: pole 'gender' obsahuje 'unknown' hodnotu
2026-03-09 17:09:17 | WARNING  | validator | Postava ID=313: pole 'species' obsahuje 'unknown' hodnotu
2026-03-09 17:09:17 | WARNING  | validator | Postava ID=319: pole 'status' obsahuje 'unknown' hodnotu
2026-03-09 17:09:17 | WARNING  | validator | Postava ID=320: pole 'status' obsahuje 'unknown' hodnotu
2026-03-09 17:09:17 | INFO     | validator | Postava ID=329 (Snuffles (Snowball)): chybějící nebo nevalidní location URL
2026-03-09 17:09:17 | WARNING  | validator | Postava ID=330: pole 'status' obsahuje 'unknown' hodnotu
2026-03-09 17:09:17 | WARNING  | validator | Postava ID=331: pole 'status' obsahuje 'unknown' hodnotu
2026-03-09 17:09:17 | WARNING  | validator | Postava ID=346: pole 'status' obsahuje 'unknown' hodnotu
2026-03-09 17:09:17 | INFO     | validator | Postava ID=349 (The Scientist Formerly Known as Rick): chybějící nebo nevalidní location URL
2026-03-09 17:09:17 | WARNING  | validator | Postava ID=350: pole 'status' obsahuje 'unknown' hodnotu
2026-03-09 17:09:17 | WARNING  | validator | Postava ID=351: pole 'gender' obsahuje 'unknown' hodnotu
2026-03-09 17:09:17 | WARNING  | validator | Postava ID=359: pole 'status' obsahuje 'unknown' hodnotu
2026-03-09 17:09:17 | WARNING  | validator | Postava ID=362: pole 'gender' obsahuje 'unknown' hodnotu
2026-03-09 17:09:17 | WARNING  | validator | Postava ID=364: pole 'gender' obsahuje 'unknown' hodnotu
2026-03-09 17:09:17 | WARNING  | validator | Postava ID=368: pole 'status' obsahuje 'unknown' hodnotu
2026-03-09 17:09:17 | INFO     | validator | Postava ID=368 (Truth Tortoise): chybějící nebo nevalidní location URL
2026-03-09 17:09:17 | WARNING  | validator | Postava ID=369: pole 'status' obsahuje 'unknown' hodnotu
2026-03-09 17:09:17 | WARNING  | validator | Postava ID=377: pole 'gender' obsahuje 'unknown' hodnotu
2026-03-09 17:09:17 | WARNING  | validator | Postava ID=378: pole 'status' obsahuje 'unknown' hodnotu
2026-03-09 17:09:17 | WARNING  | validator | Postava ID=379: pole 'status' obsahuje 'unknown' hodnotu
2026-03-09 17:09:17 | WARNING  | validator | Postava ID=380: pole 'status' obsahuje 'unknown' hodnotu
2026-03-09 17:09:17 | INFO     | validator | Postava ID=380 (Unknown Rick): chybějící nebo nevalidní location URL
2026-03-09 17:09:17 | INFO     | validator | Postava ID=381 (Woman Rick): chybějící nebo nevalidní location URL
2026-03-09 17:09:17 | WARNING  | validator | Postava ID=385: pole 'status' obsahuje 'unknown' hodnotu
2026-03-09 17:09:17 | WARNING  | validator | Postava ID=387: pole 'status' obsahuje 'unknown' hodnotu
2026-03-09 17:09:17 | WARNING  | validator | Postava ID=395: pole 'gender' obsahuje 'unknown' hodnotu
2026-03-09 17:09:17 | WARNING  | validator | Postava ID=406: pole 'gender' obsahuje 'unknown' hodnotu
2026-03-09 17:09:17 | WARNING  | validator | Postava ID=411: pole 'status' obsahuje 'unknown' hodnotu
2026-03-09 17:09:17 | WARNING  | validator | Postava ID=412: pole 'status' obsahuje 'unknown' hodnotu
2026-03-09 17:09:17 | WARNING  | validator | Postava ID=412: pole 'gender' obsahuje 'unknown' hodnotu
2026-03-09 17:09:17 | WARNING  | validator | Postava ID=413: pole 'status' obsahuje 'unknown' hodnotu
2026-03-09 17:09:17 | WARNING  | validator | Postava ID=423: pole 'gender' obsahuje 'unknown' hodnotu
2026-03-09 17:09:17 | WARNING  | validator | Postava ID=433: pole 'gender' obsahuje 'unknown' hodnotu
2026-03-09 17:09:17 | INFO     | validator | Postava ID=433 (Doopidoo): chybějící nebo nevalidní location URL
2026-03-09 17:09:17 | WARNING  | validator | Postava ID=434: pole 'status' obsahuje 'unknown' hodnotu
2026-03-09 17:09:17 | INFO     | validator | Postava ID=434 (Super Weird Rick): chybějící nebo nevalidní location URL
2026-03-09 17:09:17 | WARNING  | validator | Postava ID=435: pole 'gender' obsahuje 'unknown' hodnotu
2026-03-09 17:09:17 | WARNING  | validator | Postava ID=436: pole 'gender' obsahuje 'unknown' hodnotu
2026-03-09 17:09:17 | WARNING  | validator | Postava ID=454: pole 'gender' obsahuje 'unknown' hodnotu
2026-03-09 17:09:17 | WARNING  | validator | Postava ID=458: pole 'status' obsahuje 'unknown' hodnotu
2026-03-09 17:09:17 | WARNING  | validator | Postava ID=462: pole 'status' obsahuje 'unknown' hodnotu
2026-03-09 17:09:17 | WARNING  | validator | Postava ID=469: pole 'status' obsahuje 'unknown' hodnotu
2026-03-09 17:09:17 | WARNING  | validator | Postava ID=481: pole 'status' obsahuje 'unknown' hodnotu
2026-03-09 17:09:17 | WARNING  | validator | Postava ID=492: pole 'gender' obsahuje 'unknown' hodnotu
2026-03-09 17:09:17 | WARNING  | validator | Postava ID=509: pole 'status' obsahuje 'unknown' hodnotu
2026-03-09 17:09:17 | WARNING  | validator | Postava ID=517: pole 'status' obsahuje 'unknown' hodnotu
2026-03-09 17:09:17 | WARNING  | validator | Postava ID=522: pole 'gender' obsahuje 'unknown' hodnotu
2026-03-09 17:09:17 | WARNING  | validator | Postava ID=523: pole 'status' obsahuje 'unknown' hodnotu
2026-03-09 17:09:17 | WARNING  | validator | Postava ID=523: pole 'species' obsahuje 'unknown' hodnotu
2026-03-09 17:09:17 | WARNING  | validator | Postava ID=523: pole 'gender' obsahuje 'unknown' hodnotu
2026-03-09 17:09:17 | WARNING  | validator | Postava ID=524: pole 'status' obsahuje 'unknown' hodnotu
2026-03-09 17:09:17 | WARNING  | validator | Postava ID=572: pole 'status' obsahuje 'unknown' hodnotu
2026-03-09 17:09:17 | WARNING  | validator | Postava ID=576: pole 'status' obsahuje 'unknown' hodnotu
2026-03-09 17:09:17 | WARNING  | validator | Postava ID=577: pole 'status' obsahuje 'unknown' hodnotu
2026-03-09 17:09:17 | WARNING  | validator | Postava ID=583: pole 'status' obsahuje 'unknown' hodnotu
2026-03-09 17:09:17 | WARNING  | validator | Postava ID=590: pole 'status' obsahuje 'unknown' hodnotu
2026-03-09 17:09:17 | WARNING  | validator | Postava ID=591: pole 'status' obsahuje 'unknown' hodnotu
2026-03-09 17:09:17 | WARNING  | validator | Postava ID=603: pole 'species' obsahuje 'unknown' hodnotu
2026-03-09 17:09:17 | WARNING  | validator | Postava ID=611: pole 'species' obsahuje 'unknown' hodnotu
2026-03-09 17:09:17 | WARNING  | validator | Postava ID=614: pole 'species' obsahuje 'unknown' hodnotu
2026-03-09 17:09:17 | WARNING  | validator | Postava ID=618: pole 'status' obsahuje 'unknown' hodnotu
2026-03-09 17:09:17 | WARNING  | validator | Postava ID=627: pole 'species' obsahuje 'unknown' hodnotu
2026-03-09 17:09:17 | WARNING  | validator | Postava ID=645: pole 'status' obsahuje 'unknown' hodnotu
2026-03-09 17:09:17 | WARNING  | validator | Postava ID=653: pole 'status' obsahuje 'unknown' hodnotu
2026-03-09 17:09:17 | WARNING  | validator | Postava ID=654: pole 'status' obsahuje 'unknown' hodnotu
2026-03-09 17:09:17 | INFO     | validator | Validace postav dokončena: 660 validních z 660, 0 duplicit, 132 anomálií, 21 bez location URL, 0 s broken reference
2026-03-09 17:09:17 | INFO     | validator | Kompletní validace dat dokončena
2026-03-09 17:09:17 | INFO     | __main__ | ------------------------------------------------------------
2026-03-09 17:09:17 | INFO     | __main__ | SHRNUTÍ VALIDACE DAT
2026-03-09 17:09:17 | INFO     | __main__ | ------------------------------------------------------------
2026-03-09 17:09:17 | INFO     | __main__ | Celkem postav: 660
2026-03-09 17:09:17 | INFO     | __main__ | Celkem lokací: 126
2026-03-09 17:09:17 | INFO     | __main__ | Postavy s 'unknown' status: 78
2026-03-09 17:09:17 | INFO     | __main__ | Postavy s 'unknown' species: 10
2026-03-09 17:09:17 | INFO     | __main__ | Postavy bez location URL: 21
2026-03-09 17:09:17 | INFO     | __main__ | Lokace s 'unknown' dimension: 29
2026-03-09 17:09:17 | INFO     | __main__ | ------------------------------------------------------------
2026-03-09 17:09:17 | WARNING  | __main__ | Vysoký počet postav s 'unknown' status: 78 (11%)
2026-03-09 17:09:17 | WARNING  | __main__ | Vysoký počet lokací s 'unknown' dimension: 29 (23%)
2026-03-09 17:09:17 | INFO     | __main__ | KROK 3/4: Načítání dat do SQLite databáze
2026-03-09 17:09:17 | INFO     | __main__ | ------------------------------------------------------------
2026-03-09 17:09:17 | INFO     | loader | Inicializace databáze: C:\Users\Vinci\Desktop\ukol2\rick_and_morty.db
2026-03-09 17:09:17 | INFO     | loader | Databáze úspěšně inicializována: rick_and_morty.db
2026-03-09 17:09:17 | INFO     | loader | Zahájení nahrávání všech dat do databáze
2026-03-09 17:09:17 | INFO     | loader | Nahrávání 126 lokací do databáze
2026-03-09 17:09:17 | INFO     | loader | Nahrávání lokací dokončeno: 126 nových, 0 duplicit, 0 chyb
2026-03-09 17:09:17 | INFO     | loader | Nahrávání 660 postav do databáze
2026-03-09 17:09:17 | INFO     | loader | Nahrávání postav dokončeno: 660 nových, 0 duplicit, 0 chyb, 21 bez validní lokace
2026-03-09 17:09:17 | INFO     | loader | Nahrávání dat dokončeno: 126 nových lokací (0 duplicit), 660 nových postav (0 duplicit)
2026-03-09 17:09:17 | INFO     | __main__ | ------------------------------------------------------------
2026-03-09 17:09:17 | INFO     | __main__ | VÝSLEDKY NAHRÁVÁNÍ DO DATABÁZE
2026-03-09 17:09:17 | INFO     | __main__ | ------------------------------------------------------------
2026-03-09 17:09:17 | INFO     | __main__ | LOKACE:
2026-03-09 17:09:17 | INFO     | __main__ |   - Nově vloženo: 126
2026-03-09 17:09:17 | INFO     | __main__ |   - Preskočeno (duplicitní): 0
2026-03-09 17:09:17 | INFO     | __main__ |   - Chyby: 0
2026-03-09 17:09:17 | INFO     | __main__ | POSTAVY:
2026-03-09 17:09:17 | INFO     | __main__ |   - Nově vloženo: 660
2026-03-09 17:09:17 | INFO     | __main__ |   - Preskočeno (duplicitní): 0
2026-03-09 17:09:17 | INFO     | __main__ |   - Chyby: 0
2026-03-09 17:09:17 | INFO     | __main__ | ------------------------------------------------------------
2026-03-09 17:09:17 | INFO     | __main__ | KROK 4/4: Kontrola integrity databáze
2026-03-09 17:09:17 | INFO     | __main__ | ------------------------------------------------------------
2026-03-09 17:09:17 | INFO     | __main__ | ------------------------------------------------------------
2026-03-09 17:09:17 | INFO     | __main__ | KONTROLA INTEGRITY DATABÁZE
2026-03-09 17:09:17 | INFO     | __main__ | ------------------------------------------------------------
2026-03-09 17:09:17 | INFO     | __main__ | Všechny postavy mají validní odkaz na lokaci
2026-03-09 17:09:17 | INFO     | loader | Detekováno 0 duplicitních jmen lokací a 34 duplicitních jmen postav
2026-03-09 17:09:17 | INFO     | __main__ | Žádná duplicitní jména lokací
2026-03-09 17:09:17 | INFO     | __main__ | Duplicitní jména postav (34):
2026-03-09 17:09:17 | INFO     | __main__ |   - 'Abradolf Lincler': 2 výskytů
2026-03-09 17:09:17 | INFO     | __main__ |   - 'Anchosnake': 2 výskytů
2026-03-09 17:09:17 | INFO     | __main__ |   - 'Beth Smith': 4 výskytů
2026-03-09 17:09:17 | INFO     | __main__ |   - 'Bill': 2 výskytů
2026-03-09 17:09:17 | INFO     | __main__ |   - 'Birdperson': 2 výskytů
2026-03-09 17:09:17 | INFO     | __main__ | ------------------------------------------------------------
2026-03-09 17:09:17 | INFO     | __main__ | ============================================================
2026-03-09 17:09:17 | INFO     | __main__ | EL PIPELINE ÚSPĚŠNĚ DOKONČENA
2026-03-09 17:09:17 | INFO     | __main__ | ============================================================
2026-03-09 17:09:17 | INFO     | __main__ | FINÁLNÍ POČTY ZÁZNAMŮ V DATABÁZI:
2026-03-09 17:09:17 | INFO     | __main__ |   - Lokace: 126
2026-03-09 17:09:17 | INFO     | __main__ |   - Postavy: 660
2026-03-09 17:09:17 | INFO     | __main__ |   - Celkem: 786
2026-03-09 17:09:17 | INFO     | __main__ | ============================================================
2026-03-09 17:09:17 | INFO     | loader | Databázové připojení uzavřeno
2026-03-09 17:09:17 | INFO     | __main__ | Script ukončen úspěšně
